gradleBuild/outputs/logs/manifest-merger-release-report.txt
-- Merging decision tree log ---
manifest
ADDED from ihabgit/AngelEyes/AndroidManifest.xml:3:1-77:12
INJECTED from ihabgit/AngelEyes/AndroidManifest.xml:3:1-77:12
INJECTED from ihabgit/AngelEyes/AndroidManifest.xml:3:1-77:12
MERGED from [org.tensorflow:tensorflow-android:1.13.1] AndroidManifest.xml:2:1-8:12
MERGED from [com.android.support:multidex:1.0.1] AndroidManifest.xml:16:1-19:12
MERGED from [pub.devrel:easypermissions:0.4.0] AndroidManifest.xml:2:1-19:12
MERGED from [com.android.support:appcompat-v7:25.3.1] AndroidManifest.xml:17:1-31:12
MERGED from [com.google.firebase:firebase-auth:12.0.0] AndroidManifest.xml:17:1-32:12
MERGED from [com.google.firebase:firebase-messaging:12.0.0] AndroidManifest.xml:17:1-37:12
MERGED from [com.google.firebase:firebase-storage:12.0.0] AndroidManifest.xml:2:1-8:12
MERGED from [com.google.firebase:firebase-database:12.0.0] AndroidManifest.xml:2:1-8:12
MERGED from [com.google.firebase:firebase-firestore:12.0.0] AndroidManifest.xml:2:1-8:12
MERGED from [com.google.android.gms:play-services-base:12.0.0] AndroidManifest.xml:17:1-29:12
MERGED from [com.google.firebase:firebase-core:12.0.0] AndroidManifest.xml:2:1-6:12
MERGED from [com.google.firebase:firebase-analytics:12.0.0] AndroidManifest.xml:17:1-54:12
MERGED from [com.google.firebase:firebase-analytics-impl:12.0.0] AndroidManifest.xml:17:1-40:12
MERGED from [com.google.firebase:firebase-iid:12.0.0] AndroidManifest.xml:17:1-59:12
MERGED from [com.google.firebase:firebase-database-connection:12.0.0] AndroidManifest.xml:2:1-8:12
MERGED from [com.google.firebase:firebase-common:12.0.0] AndroidManifest.xml:2:1-15:12
MERGED from [com.google.android.gms:play-services-tasks:12.0.0] AndroidManifest.xml:2:1-9:12
MERGED from [com.google.firebase:firebase-storage-common:12.0.0] AndroidManifest.xml:2:1-8:12
MERGED from [com.google.android.gms:play-services-basement:12.0.0] AndroidManifest.xml:17:1-28:12
MERGED from [com.android.support:support-v4:26.1.0] AndroidManifest.xml:17:1-31:12
MERGED from [com.github.markushi:circlebutton:1.1] AndroidManifest.xml:2:1-11:12
MERGED from [com.android.support.constraint:constraint-layout:1.0.2] AndroidManifest.xml:2:1-11:12
MERGED from [com.opentok.android:opentok-android-sdk:2.13.0] AndroidManifest.xml:2:1-18:12
MERGED from [com.android.support:animated-vector-drawable:25.3.1] AndroidManifest.xml:17:1-28:12
MERGED from [com.android.support:support-vector-drawable:25.3.1] AndroidManifest.xml:17:1-28:12
MERGED from [com.android.support:support-media-compat:26.1.0] AndroidManifest.xml:17:1-31:12
MERGED from [com.android.support:support-fragment:26.1.0] AndroidManifest.xml:17:1-31:12
MERGED from [com.android.support:support-core-utils:26.1.0] AndroidManifest.xml:17:1-31:12
MERGED from [com.android.support:support-core-ui:26.1.0] AndroidManifest.xml:17:1-31:12
MERGED from [com.android.support:support-compat:26.1.0] AndroidManifest.xml:17:1-31:12
MERGED from [com.google.firebase:firebase-auth-license:12.0.0] AndroidManifest.xml:2:1-8:12
MERGED from [com.google.firebase:firebase-messaging-license:12.0.0] AndroidManifest.xml:2:1-8:12
MERGED from [com.google.firebase:firebase-storage-license:12.0.0] AndroidManifest.xml:2:1-8:12
MERGED from [com.google.firebase:firebase-database-license:12.0.0] AndroidManifest.xml:2:1-8:12
MERGED from [com.google.android.gms:play-services-base-license:12.0.0] AndroidManifest.xml:2:1-8:12
MERGED from [com.google.android.gms:play-services-basement-license:12.0.0] AndroidManifest.xml:2:1-8:12
MERGED from [com.google.firebase:firebase-common-license:12.0.0] AndroidManifest.xml:2:1-8:12
MERGED from [com.google.android.gms:play-services-tasks-license:12.0.0] AndroidManifest.xml:2:1-8:12
MERGED from [com.google.firebase:firebase-iid-license:12.0.0] AndroidManifest.xml:2:1-8:12
MERGED from [com.google.firebase:firebase-storage-common-license:12.0.0] AndroidManifest.xml:2:1-8:12
MERGED from [com.google.firebase:firebase-database-connection-license:12.0.0] AndroidManifest.xml:2:1-8:12
MERGED from [com.google.firebase:firebase-analytics-license:12.0.0] AndroidManifest.xml:2:1-8:12
MERGED from [com.google.firebase:firebase-analytics-impl-license:12.0.0] AndroidManifest.xml:2:1-8:12
MERGED from [android.arch.lifecycle:runtime:1.0.0] AndroidManifest.xml:17:1-30:12
INJECTED from ihabgit/AngelEyes/AndroidManifest.xml:3:1-77:12
INJECTED from ihabgit/AngelEyes/AndroidManifest.xml:3:1-77:12
	package
		ADDED from ihabgit/AngelEyes/AndroidManifest.xml:4:5-34
	android:versionName
		ADDED from ihabgit/AngelEyes/AndroidManifest.xml:6:5-28
		INJECTED from ihabgit/AngelEyes/AndroidManifest.xml
		INJECTED from ihabgit/AngelEyes/AndroidManifest.xml
	xmlns:android
		ADDED from ihabgit/AngelEyes/AndroidManifest.xml:3:11-69
	android:versionCode
		ADDED from ihabgit/AngelEyes/AndroidManifest.xml:5:2-25
		INJECTED from ihabgit/AngelEyes/AndroidManifest.xml
		INJECTED from ihabgit/AngelEyes/AndroidManifest.xml
uses-permission#android.permission.CAMERA
ADDED from ihabgit/AngelEyes/AndroidManifest.xml:8:5-65
MERGED from [com.opentok.android:opentok-android-sdk:2.13.0] AndroidManifest.xml:11:5-65
MERGED from [com.opentok.android:opentok-android-sdk:2.13.0] AndroidManifest.xml:11:5-65
	android:name
		ADDED from ihabgit/AngelEyes/AndroidManifest.xml:8:22-62
uses-feature#android.hardware.camera
ADDED from ihabgit/AngelEyes/AndroidManifest.xml:9:5-60
	android:name
		ADDED from ihabgit/AngelEyes/AndroidManifest.xml:9:19-57
uses-feature#android.hardware.camera.autofocus
ADDED from ihabgit/AngelEyes/AndroidManifest.xml:10:5-70
	android:name
		ADDED from ihabgit/AngelEyes/AndroidManifest.xml:10:19-67
uses-permission#android.permission.WRITE_EXTERNAL_STORAGE
ADDED from ihabgit/AngelEyes/AndroidManifest.xml:11:5-80
	android:name
		ADDED from ihabgit/AngelEyes/AndroidManifest.xml:11:22-78
uses-permission#android.permission.RECORD_AUDIO
ADDED from ihabgit/AngelEyes/AndroidManifest.xml:12:5-71
MERGED from [com.opentok.android:opentok-android-sdk:2.13.0] AndroidManifest.xml:13:5-71
MERGED from [com.opentok.android:opentok-android-sdk:2.13.0] AndroidManifest.xml:13:5-71
	android:name
		ADDED from ihabgit/AngelEyes/AndroidManifest.xml:12:22-68
uses-permission#android.permission.ACCESS_NETWORK_STATE
ADDED from ihabgit/AngelEyes/AndroidManifest.xml:13:5-79
MERGED from [com.google.firebase:firebase-analytics:12.0.0] AndroidManifest.xml:24:5-79
MERGED from [com.google.firebase:firebase-analytics:12.0.0] AndroidManifest.xml:24:5-79
MERGED from [com.google.firebase:firebase-analytics-impl:12.0.0] AndroidManifest.xml:24:5-79
MERGED from [com.google.firebase:firebase-analytics-impl:12.0.0] AndroidManifest.xml:24:5-79
MERGED from [com.google.firebase:firebase-iid:12.0.0] AndroidManifest.xml:22:5-79
MERGED from [com.google.firebase:firebase-iid:12.0.0] AndroidManifest.xml:22:5-79
	android:name
		ADDED from ihabgit/AngelEyes/AndroidManifest.xml:13:22-76
uses-permission#android.permission.INTERNET
ADDED from ihabgit/AngelEyes/AndroidManifest.xml:14:5-67
MERGED from [com.google.firebase:firebase-analytics:12.0.0] AndroidManifest.xml:23:5-67
MERGED from [com.google.firebase:firebase-analytics:12.0.0] AndroidManifest.xml:23:5-67
MERGED from [com.google.firebase:firebase-analytics-impl:12.0.0] AndroidManifest.xml:23:5-67
MERGED from [com.google.firebase:firebase-analytics-impl:12.0.0] AndroidManifest.xml:23:5-67
MERGED from [com.google.firebase:firebase-iid:12.0.0] AndroidManifest.xml:23:5-67
MERGED from [com.google.firebase:firebase-iid:12.0.0] AndroidManifest.xml:23:5-67
MERGED from [com.opentok.android:opentok-android-sdk:2.13.0] AndroidManifest.xml:12:5-67
MERGED from [com.opentok.android:opentok-android-sdk:2.13.0] AndroidManifest.xml:12:5-67
	android:name
		ADDED from ihabgit/AngelEyes/AndroidManifest.xml:14:22-64
uses-sdk
ADDED from ihabgit/AngelEyes/AndroidManifest.xml:16:5-18:41
MERGED from [com.android.support:multidex:1.0.1] AndroidManifest.xml:18:5-42
MERGED from [com.android.support:multidex:1.0.1] AndroidManifest.xml:18:5-42
MERGED from [pub.devrel:easypermissions:0.4.0] AndroidManifest.xml:7:5-9:41
MERGED from [pub.devrel:easypermissions:0.4.0] AndroidManifest.xml:7:5-9:41
MERGED from [com.android.support:appcompat-v7:25.3.1] AndroidManifest.xml:21:5-23:78
MERGED from [com.android.support:appcompat-v7:25.3.1] AndroidManifest.xml:21:5-23:78
MERGED from [com.google.firebase:firebase-auth:12.0.0] AndroidManifest.xml:20:5-44
MERGED from [com.google.firebase:firebase-auth:12.0.0] AndroidManifest.xml:20:5-44
MERGED from [com.google.firebase:firebase-messaging:12.0.0] AndroidManifest.xml:20:5-44
MERGED from [com.google.firebase:firebase-messaging:12.0.0] AndroidManifest.xml:20:5-44
MERGED from [com.google.firebase:firebase-storage:12.0.0] AndroidManifest.xml:6:5-44
MERGED from [com.google.firebase:firebase-storage:12.0.0] AndroidManifest.xml:6:5-44
MERGED from [com.google.firebase:firebase-database:12.0.0] AndroidManifest.xml:6:5-44
MERGED from [com.google.firebase:firebase-database:12.0.0] AndroidManifest.xml:6:5-44
MERGED from [com.google.firebase:firebase-firestore:12.0.0] AndroidManifest.xml:6:5-44
MERGED from [com.google.firebase:firebase-firestore:12.0.0] AndroidManifest.xml:6:5-44
MERGED from [com.google.android.gms:play-services-base:12.0.0] AndroidManifest.xml:20:5-44
MERGED from [com.google.android.gms:play-services-base:12.0.0] AndroidManifest.xml:20:5-44
MERGED from [com.google.firebase:firebase-core:12.0.0] AndroidManifest.xml:4:5-43
MERGED from [com.google.firebase:firebase-core:12.0.0] AndroidManifest.xml:4:5-43
MERGED from [com.google.firebase:firebase-analytics:12.0.0] AndroidManifest.xml:20:5-44
MERGED from [com.google.firebase:firebase-analytics:12.0.0] AndroidManifest.xml:20:5-44
MERGED from [com.google.firebase:firebase-analytics-impl:12.0.0] AndroidManifest.xml:20:5-44
MERGED from [com.google.firebase:firebase-analytics-impl:12.0.0] AndroidManifest.xml:20:5-44
MERGED from [com.google.firebase:firebase-iid:12.0.0] AndroidManifest.xml:20:5-44
MERGED from [com.google.firebase:firebase-iid:12.0.0] AndroidManifest.xml:20:5-44
MERGED from [com.google.firebase:firebase-database-connection:12.0.0] AndroidManifest.xml:6:5-44
MERGED from [com.google.firebase:firebase-database-connection:12.0.0] AndroidManifest.xml:6:5-44
MERGED from [com.google.firebase:firebase-common:12.0.0] AndroidManifest.xml:5:5-44
MERGED from [com.google.firebase:firebase-common:12.0.0] AndroidManifest.xml:5:5-44
MERGED from [com.google.android.gms:play-services-tasks:12.0.0] AndroidManifest.xml:5:5-44
MERGED from [com.google.android.gms:play-services-tasks:12.0.0] AndroidManifest.xml:5:5-44
MERGED from [com.google.firebase:firebase-storage-common:12.0.0] AndroidManifest.xml:6:5-44
MERGED from [com.google.firebase:firebase-storage-common:12.0.0] AndroidManifest.xml:6:5-44
MERGED from [com.google.android.gms:play-services-basement:12.0.0] AndroidManifest.xml:20:5-44
MERGED from [com.google.android.gms:play-services-basement:12.0.0] AndroidManifest.xml:20:5-44
MERGED from [com.android.support:support-v4:26.1.0] AndroidManifest.xml:21:5-23:54
MERGED from [com.android.support:support-v4:26.1.0] AndroidManifest.xml:21:5-23:54
MERGED from [com.github.markushi:circlebutton:1.1] AndroidManifest.xml:7:5-44
MERGED from [com.github.markushi:circlebutton:1.1] AndroidManifest.xml:7:5-44
MERGED from [com.android.support.constraint:constraint-layout:1.0.2] AndroidManifest.xml:5:5-7:41
MERGED from [com.android.support.constraint:constraint-layout:1.0.2] AndroidManifest.xml:5:5-7:41
MERGED from [com.opentok.android:opentok-android-sdk:2.13.0] AndroidManifest.xml:7:5-9:41
MERGED from [com.opentok.android:opentok-android-sdk:2.13.0] AndroidManifest.xml:7:5-9:41
MERGED from [com.android.support:animated-vector-drawable:25.3.1] AndroidManifest.xml:20:5-44
MERGED from [com.android.support:animated-vector-drawable:25.3.1] AndroidManifest.xml:20:5-44
MERGED from [com.android.support:support-vector-drawable:25.3.1] AndroidManifest.xml:20:5-43
MERGED from [com.android.support:support-vector-drawable:25.3.1] AndroidManifest.xml:20:5-43
MERGED from [com.android.support:support-media-compat:26.1.0] AndroidManifest.xml:21:5-23:63
MERGED from [com.android.support:support-media-compat:26.1.0] AndroidManifest.xml:21:5-23:63
MERGED from [com.android.support:support-fragment:26.1.0] AndroidManifest.xml:21:5-23:60
MERGED from [com.android.support:support-fragment:26.1.0] AndroidManifest.xml:21:5-23:60
MERGED from [com.android.support:support-core-utils:26.1.0] AndroidManifest.xml:21:5-23:61
MERGED from [com.android.support:support-core-utils:26.1.0] AndroidManifest.xml:21:5-23:61
MERGED from [com.android.support:support-core-ui:26.1.0] AndroidManifest.xml:21:5-23:58
MERGED from [com.android.support:support-core-ui:26.1.0] AndroidManifest.xml:21:5-23:58
MERGED from [com.android.support:support-compat:26.1.0] AndroidManifest.xml:21:5-23:58
MERGED from [com.android.support:support-compat:26.1.0] AndroidManifest.xml:21:5-23:58
MERGED from [android.arch.lifecycle:runtime:1.0.0] AndroidManifest.xml:20:5-22:41
MERGED from [android.arch.lifecycle:runtime:1.0.0] AndroidManifest.xml:20:5-22:41
	tools:overrideLibrary
		ADDED from [com.android.support:appcompat-v7:25.3.1] AndroidManifest.xml:23:9-75
	android:targetSdkVersion
		ADDED from ihabgit/AngelEyes/AndroidManifest.xml:18:9-38
	android:minSdkVersion
		ADDED from ihabgit/AngelEyes/AndroidManifest.xml:17:9-35
application
ADDED from ihabgit/AngelEyes/AndroidManifest.xml:20:5-75:19
MERGED from [org.tensorflow:tensorflow-android:1.13.1] AndroidManifest.xml:5:5-6:19
MERGED from [org.tensorflow:tensorflow-android:1.13.1] AndroidManifest.xml:5:5-6:19
MERGED from [pub.devrel:easypermissions:0.4.0] AndroidManifest.xml:11:5-17:19
MERGED from [pub.devrel:easypermissions:0.4.0] AndroidManifest.xml:11:5-17:19
MERGED from [com.android.support:appcompat-v7:25.3.1] AndroidManifest.xml:29:5-20
MERGED from [com.android.support:appcompat-v7:25.3.1] AndroidManifest.xml:29:5-20
MERGED from [com.google.firebase:firebase-auth:12.0.0] AndroidManifest.xml:22:5-30:19
MERGED from [com.google.firebase:firebase-auth:12.0.0] AndroidManifest.xml:22:5-30:19
MERGED from [com.google.firebase:firebase-messaging:12.0.0] AndroidManifest.xml:22:5-35:19
MERGED from [com.google.firebase:firebase-messaging:12.0.0] AndroidManifest.xml:22:5-35:19
MERGED from [com.google.android.gms:play-services-base:12.0.0] AndroidManifest.xml:22:5-27:19
MERGED from [com.google.android.gms:play-services-base:12.0.0] AndroidManifest.xml:22:5-27:19
MERGED from [com.google.firebase:firebase-core:12.0.0] AndroidManifest.xml:5:5-20
MERGED from [com.google.firebase:firebase-core:12.0.0] AndroidManifest.xml:5:5-20
MERGED from [com.google.firebase:firebase-analytics:12.0.0] AndroidManifest.xml:27:5-52:19
MERGED from [com.google.firebase:firebase-analytics:12.0.0] AndroidManifest.xml:27:5-52:19
MERGED from [com.google.firebase:firebase-analytics-impl:12.0.0] AndroidManifest.xml:27:5-38:19
MERGED from [com.google.firebase:firebase-analytics-impl:12.0.0] AndroidManifest.xml:27:5-38:19
MERGED from [com.google.firebase:firebase-iid:12.0.0] AndroidManifest.xml:34:5-57:19
MERGED from [com.google.firebase:firebase-iid:12.0.0] AndroidManifest.xml:34:5-57:19
MERGED from [com.google.firebase:firebase-common:12.0.0] AndroidManifest.xml:7:5-13:19
MERGED from [com.google.firebase:firebase-common:12.0.0] AndroidManifest.xml:7:5-13:19
MERGED from [com.google.android.gms:play-services-tasks:12.0.0] AndroidManifest.xml:7:5-20
MERGED from [com.google.android.gms:play-services-tasks:12.0.0] AndroidManifest.xml:7:5-20
MERGED from [com.google.android.gms:play-services-basement:12.0.0] AndroidManifest.xml:22:5-26:19
MERGED from [com.google.android.gms:play-services-basement:12.0.0] AndroidManifest.xml:22:5-26:19
MERGED from [com.android.support:support-v4:26.1.0] AndroidManifest.xml:25:5-29:19
MERGED from [com.android.support:support-v4:26.1.0] AndroidManifest.xml:25:5-29:19
MERGED from [com.github.markushi:circlebutton:1.1] AndroidManifest.xml:9:5-20
MERGED from [com.github.markushi:circlebutton:1.1] AndroidManifest.xml:9:5-20
MERGED from [com.android.support.constraint:constraint-layout:1.0.2] AndroidManifest.xml:9:5-20
MERGED from [com.android.support.constraint:constraint-layout:1.0.2] AndroidManifest.xml:9:5-20
MERGED from [com.android.support:animated-vector-drawable:25.3.1] AndroidManifest.xml:26:5-20
MERGED from [com.android.support:animated-vector-drawable:25.3.1] AndroidManifest.xml:26:5-20
MERGED from [com.android.support:support-vector-drawable:25.3.1] AndroidManifest.xml:26:5-20
MERGED from [com.android.support:support-vector-drawable:25.3.1] AndroidManifest.xml:26:5-20
MERGED from [com.android.support:support-media-compat:26.1.0] AndroidManifest.xml:25:5-29:19
MERGED from [com.android.support:support-media-compat:26.1.0] AndroidManifest.xml:25:5-29:19
MERGED from [com.android.support:support-fragment:26.1.0] AndroidManifest.xml:25:5-29:19
MERGED from [com.android.support:support-fragment:26.1.0] AndroidManifest.xml:25:5-29:19
MERGED from [com.android.support:support-core-utils:26.1.0] AndroidManifest.xml:25:5-29:19
MERGED from [com.android.support:support-core-utils:26.1.0] AndroidManifest.xml:25:5-29:19
MERGED from [com.android.support:support-core-ui:26.1.0] AndroidManifest.xml:25:5-29:19
MERGED from [com.android.support:support-core-ui:26.1.0] AndroidManifest.xml:25:5-29:19
MERGED from [com.android.support:support-compat:26.1.0] AndroidManifest.xml:25:5-29:19
MERGED from [com.android.support:support-compat:26.1.0] AndroidManifest.xml:25:5-29:19
MERGED from [com.google.firebase:firebase-auth-license:12.0.0] AndroidManifest.xml:5:5-6:19
MERGED from [com.google.firebase:firebase-auth-license:12.0.0] AndroidManifest.xml:5:5-6:19
MERGED from [com.google.firebase:firebase-messaging-license:12.0.0] AndroidManifest.xml:5:5-6:19
MERGED from [com.google.firebase:firebase-messaging-license:12.0.0] AndroidManifest.xml:5:5-6:19
MERGED from [com.google.firebase:firebase-storage-license:12.0.0] AndroidManifest.xml:5:5-6:19
MERGED from [com.google.firebase:firebase-storage-license:12.0.0] AndroidManifest.xml:5:5-6:19
MERGED from [com.google.firebase:firebase-database-license:12.0.0] AndroidManifest.xml:5:5-6:19
MERGED from [com.google.firebase:firebase-database-license:12.0.0] AndroidManifest.xml:5:5-6:19
MERGED from [com.google.android.gms:play-services-base-license:12.0.0] AndroidManifest.xml:5:5-6:19
MERGED from [com.google.android.gms:play-services-base-license:12.0.0] AndroidManifest.xml:5:5-6:19
MERGED from [com.google.android.gms:play-services-basement-license:12.0.0] AndroidManifest.xml:5:5-6:19
MERGED from [com.google.android.gms:play-services-basement-license:12.0.0] AndroidManifest.xml:5:5-6:19
MERGED from [com.google.firebase:firebase-common-license:12.0.0] AndroidManifest.xml:5:5-6:19
MERGED from [com.google.firebase:firebase-common-license:12.0.0] AndroidManifest.xml:5:5-6:19
MERGED from [com.google.android.gms:play-services-tasks-license:12.0.0] AndroidManifest.xml:5:5-6:19
MERGED from [com.google.android.gms:play-services-tasks-license:12.0.0] AndroidManifest.xml:5:5-6:19
MERGED from [com.google.firebase:firebase-iid-license:12.0.0] AndroidManifest.xml:5:5-6:19
MERGED from [com.google.firebase:firebase-iid-license:12.0.0] AndroidManifest.xml:5:5-6:19
MERGED from [com.google.firebase:firebase-storage-common-license:12.0.0] AndroidManifest.xml:5:5-6:19
MERGED from [com.google.firebase:firebase-storage-common-license:12.0.0] AndroidManifest.xml:5:5-6:19
MERGED from [com.google.firebase:firebase-database-connection-license:12.0.0] AndroidManifest.xml:5:5-6:19
MERGED from [com.google.firebase:firebase-database-connection-license:12.0.0] AndroidManifest.xml:5:5-6:19
MERGED from [com.google.firebase:firebase-analytics-license:12.0.0] AndroidManifest.xml:5:5-6:19
MERGED from [com.google.firebase:firebase-analytics-license:12.0.0] AndroidManifest.xml:5:5-6:19
MERGED from [com.google.firebase:firebase-analytics-impl-license:12.0.0] AndroidManifest.xml:5:5-6:19
MERGED from [com.google.firebase:firebase-analytics-impl-license:12.0.0] AndroidManifest.xml:5:5-6:19
MERGED from [android.arch.lifecycle:runtime:1.0.0] AndroidManifest.xml:24:5-28:19
MERGED from [android.arch.lifecycle:runtime:1.0.0] AndroidManifest.xml:24:5-28:19
	android:label
		ADDED from ihabgit/AngelEyes/AndroidManifest.xml:21:9-41
	android:icon
		ADDED from ihabgit/AngelEyes/AndroidManifest.xml:22:9-45
	android:allowBackup
		ADDED from ihabgit/AngelEyes/AndroidManifest.xml:20:18-44
	android:theme
		ADDED from ihabgit/AngelEyes/AndroidManifest.xml:23:3-34
activity#org.tensorflow.demo.DialogRateActivity
ADDED from ihabgit/AngelEyes/AndroidManifest.xml:24:9-32:20
	android:screenOrientation
		ADDED from ihabgit/AngelEyes/AndroidManifest.xml:25:13-49
	android:label
		ADDED from ihabgit/AngelEyes/AndroidManifest.xml:26:13-44
	android:name
		ADDED from ihabgit/AngelEyes/AndroidManifest.xml:24:19-53
activity#org.tensorflow.demo.DetectorActivity
ADDED from ihabgit/AngelEyes/AndroidManifest.xml:33:9-35:20
	android:screenOrientation
		ADDED from ihabgit/AngelEyes/AndroidManifest.xml:34:13-49
	android:name
		ADDED from ihabgit/AngelEyes/AndroidManifest.xml:33:19-51
activity#org.tensorflow.demo.SplashScreensActivity
ADDED from ihabgit/AngelEyes/AndroidManifest.xml:37:4-45:20
	android:label
		ADDED from ihabgit/AngelEyes/AndroidManifest.xml:38:16-42
	android:theme
		ADDED from ihabgit/AngelEyes/AndroidManifest.xml:39:16-59
	android:name
		ADDED from ihabgit/AngelEyes/AndroidManifest.xml:37:14-51
intent-filter#android.intent.action.MAIN+android.intent.category.LAUNCHER
ADDED from ihabgit/AngelEyes/AndroidManifest.xml:40:13-44:29
action#android.intent.action.MAIN
ADDED from ihabgit/AngelEyes/AndroidManifest.xml:41:17-69
	android:name
		ADDED from ihabgit/AngelEyes/AndroidManifest.xml:41:25-66
category#android.intent.category.LAUNCHER
ADDED from ihabgit/AngelEyes/AndroidManifest.xml:43:17-77
	android:name
		ADDED from ihabgit/AngelEyes/AndroidManifest.xml:43:27-74
activity#org.tensorflow.demo.CallMVActivity
ADDED from ihabgit/AngelEyes/AndroidManifest.xml:47:9-49:58
	android:theme
		ADDED from ihabgit/AngelEyes/AndroidManifest.xml:49:13-56
	android:name
		ADDED from ihabgit/AngelEyes/AndroidManifest.xml:48:13-43
activity#org.tensorflow.demo.CallVolActivity
ADDED from ihabgit/AngelEyes/AndroidManifest.xml:50:9-52:58
	android:theme
		ADDED from ihabgit/AngelEyes/AndroidManifest.xml:52:13-56
	android:name
		ADDED from ihabgit/AngelEyes/AndroidManifest.xml:51:13-44
activity#org.tensorflow.demo.LoginActivity
ADDED from ihabgit/AngelEyes/AndroidManifest.xml:53:9-56:58
	android:screenOrientation
		ADDED from ihabgit/AngelEyes/AndroidManifest.xml:55:13-49
	android:theme
		ADDED from ihabgit/AngelEyes/AndroidManifest.xml:56:13-56
	android:name
		ADDED from ihabgit/AngelEyes/AndroidManifest.xml:54:13-42
activity#org.tensorflow.demo.RegisterActivity
ADDED from ihabgit/AngelEyes/AndroidManifest.xml:57:9-60:58
	android:screenOrientation
		ADDED from ihabgit/AngelEyes/AndroidManifest.xml:59:13-49
	android:theme
		ADDED from ihabgit/AngelEyes/AndroidManifest.xml:60:13-56
	android:name
		ADDED from ihabgit/AngelEyes/AndroidManifest.xml:58:13-45
activity#org.tensorflow.demo.BenevoleActivity
ADDED from ihabgit/AngelEyes/AndroidManifest.xml:62:9-66:70
	android:screenOrientation
		ADDED from ihabgit/AngelEyes/AndroidManifest.xml:64:13-49
	android:windowSoftInputMode
		ADDED from ihabgit/AngelEyes/AndroidManifest.xml:66:13-67
	android:theme
		ADDED from ihabgit/AngelEyes/AndroidManifest.xml:65:13-48
	android:name
		ADDED from ihabgit/AngelEyes/AndroidManifest.xml:63:13-45
activity#org.tensorflow.demo.MenuActivity
ADDED from ihabgit/AngelEyes/AndroidManifest.xml:67:9-71:70
	android:screenOrientation
		ADDED from ihabgit/AngelEyes/AndroidManifest.xml:69:13-49
	android:windowSoftInputMode
		ADDED from ihabgit/AngelEyes/AndroidManifest.xml:71:13-67
	android:theme
		ADDED from ihabgit/AngelEyes/AndroidManifest.xml:70:13-48
	android:name
		ADDED from ihabgit/AngelEyes/AndroidManifest.xml:68:13-41
activity#org.tensorflow.demo.VideoActivity
ADDED from ihabgit/AngelEyes/AndroidManifest.xml:72:3-74:58
	android:screenOrientation
		ADDED from ihabgit/AngelEyes/AndroidManifest.xml:73:13-49
	android:theme
		ADDED from ihabgit/AngelEyes/AndroidManifest.xml:74:13-56
	android:name
		ADDED from ihabgit/AngelEyes/AndroidManifest.xml:72:13-61
uses-permission#android.permission.READ_PHONE_STATE
IMPLIED from ihabgit/AngelEyes/AndroidManifest.xml:3:1-77:12 reason: tensorflow.contrib.android has a targetSdkVersion < 4
uses-permission#android.permission.READ_EXTERNAL_STORAGE
IMPLIED from ihabgit/AngelEyes/AndroidManifest.xml:3:1-77:12 reason: tensorflow.contrib.android requested WRITE_EXTERNAL_STORAGE
activity#pub.devrel.easypermissions.AppSettingsDialogHolderActivity
ADDED from [pub.devrel:easypermissions:0.4.0] AndroidManifest.xml:12:9-16:66
	android:label
		ADDED from [pub.devrel:easypermissions:0.4.0] AndroidManifest.xml:15:13-29
	android:exported
		ADDED from [pub.devrel:easypermissions:0.4.0] AndroidManifest.xml:14:13-37
	android:theme
		ADDED from [pub.devrel:easypermissions:0.4.0] AndroidManifest.xml:16:13-63
	android:name
		ADDED from [pub.devrel:easypermissions:0.4.0] AndroidManifest.xml:13:13-86
meta-data#android.support.VERSION
ADDED from [com.android.support:appcompat-v7:25.3.1] AndroidManifest.xml:25:5-27:34
MERGED from [com.android.support:animated-vector-drawable:25.3.1] AndroidManifest.xml:22:5-24:34
MERGED from [com.android.support:animated-vector-drawable:25.3.1] AndroidManifest.xml:22:5-24:34
MERGED from [com.android.support:support-vector-drawable:25.3.1] AndroidManifest.xml:22:5-24:34
MERGED from [com.android.support:support-vector-drawable:25.3.1] AndroidManifest.xml:22:5-24:34
MERGED from [com.android.support:support-media-compat:26.1.0] AndroidManifest.xml:26:9-28:38
MERGED from [com.android.support:support-media-compat:26.1.0] AndroidManifest.xml:26:9-28:38
MERGED from [com.android.support:support-fragment:26.1.0] AndroidManifest.xml:26:9-28:38
MERGED from [com.android.support:support-fragment:26.1.0] AndroidManifest.xml:26:9-28:38
MERGED from [com.android.support:support-core-utils:26.1.0] AndroidManifest.xml:26:9-28:38
MERGED from [com.android.support:support-core-utils:26.1.0] AndroidManifest.xml:26:9-28:38
MERGED from [com.android.support:support-core-ui:26.1.0] AndroidManifest.xml:26:9-28:38
MERGED from [com.android.support:support-core-ui:26.1.0] AndroidManifest.xml:26:9-28:38
MERGED from [com.android.support:support-compat:26.1.0] AndroidManifest.xml:26:9-28:38
MERGED from [com.android.support:support-compat:26.1.0] AndroidManifest.xml:26:9-28:38
	android:value
		ADDED from [com.android.support:appcompat-v7:25.3.1] AndroidManifest.xml:27:9-31
	android:name
		ADDED from [com.android.support:appcompat-v7:25.3.1] AndroidManifest.xml:26:9-47
activity#com.google.firebase.auth.internal.FederatedSignInActivity
ADDED from [com.google.firebase:firebase-auth:12.0.0] AndroidManifest.xml:23:9-29:75
	android:excludeFromRecents
		ADDED from [com.google.firebase:firebase-auth:12.0.0] AndroidManifest.xml:25:13-46
	android:launchMode
		ADDED from [com.google.firebase:firebase-auth:12.0.0] AndroidManifest.xml:27:13-48
	android:exported
		ADDED from [com.google.firebase:firebase-auth:12.0.0] AndroidManifest.xml:26:13-36
	android:permission
		ADDED from [com.google.firebase:firebase-auth:12.0.0] AndroidManifest.xml:28:13-102
	android:theme
		ADDED from [com.google.firebase:firebase-auth:12.0.0] AndroidManifest.xml:29:13-72
	android:name
		ADDED from [com.google.firebase:firebase-auth:12.0.0] AndroidManifest.xml:24:13-85
service#com.google.firebase.messaging.FirebaseMessagingService
ADDED from [com.google.firebase:firebase-messaging:12.0.0] AndroidManifest.xml:28:9-34:19
	android:exported
		ADDED from [com.google.firebase:firebase-messaging:12.0.0] AndroidManifest.xml:30:13-36
	android:name
		ADDED from [com.google.firebase:firebase-messaging:12.0.0] AndroidManifest.xml:29:13-82
intent-filter#com.google.firebase.MESSAGING_EVENT
ADDED from [com.google.firebase:firebase-messaging:12.0.0] AndroidManifest.xml:31:13-33:29
	android:priority
		ADDED from [com.google.firebase:firebase-messaging:12.0.0] AndroidManifest.xml:31:28-51
action#com.google.firebase.MESSAGING_EVENT
ADDED from [com.google.firebase:firebase-messaging:12.0.0] AndroidManifest.xml:32:17-78
	android:name
		ADDED from [com.google.firebase:firebase-messaging:12.0.0] AndroidManifest.xml:32:25-75
activity#com.google.android.gms.common.api.GoogleApiActivity
ADDED from [com.google.android.gms:play-services-base:12.0.0] AndroidManifest.xml:23:9-26:75
	android:exported
		ADDED from [com.google.android.gms:play-services-base:12.0.0] AndroidManifest.xml:25:13-37
	android:theme
		ADDED from [com.google.android.gms:play-services-base:12.0.0] AndroidManifest.xml:26:13-72
	android:name
		ADDED from [com.google.android.gms:play-services-base:12.0.0] AndroidManifest.xml:24:13-79
uses-permission#android.permission.WAKE_LOCK
ADDED from [com.google.firebase:firebase-analytics:12.0.0] AndroidManifest.xml:25:5-68
MERGED from [com.google.firebase:firebase-analytics-impl:12.0.0] AndroidManifest.xml:25:5-68
MERGED from [com.google.firebase:firebase-analytics-impl:12.0.0] AndroidManifest.xml:25:5-68
MERGED from [com.google.firebase:firebase-iid:12.0.0] AndroidManifest.xml:24:5-68
MERGED from [com.google.firebase:firebase-iid:12.0.0] AndroidManifest.xml:24:5-68
	android:name
		ADDED from [com.google.firebase:firebase-analytics:12.0.0] AndroidManifest.xml:25:22-65
receiver#com.google.android.gms.measurement.AppMeasurementReceiver
ADDED from [com.google.firebase:firebase-analytics:12.0.0] AndroidManifest.xml:28:9-32:20
MERGED from [com.google.firebase:firebase-analytics-impl:12.0.0] AndroidManifest.xml:28:9-32:20
MERGED from [com.google.firebase:firebase-analytics-impl:12.0.0] AndroidManifest.xml:28:9-32:20
	android:enabled
		ADDED from [com.google.firebase:firebase-analytics:12.0.0] AndroidManifest.xml:30:13-35
	android:exported